
> rest-express@1.0.0 build:client
> cross-env NODE_ENV=production vite build

[36mvite v5.4.14 [32mbuilding for production...[36m[39m
transforming...
node.exe : [1m[33m[plugin:vite:resolve][39m[22m 
[33m[plugin vite:resolve] Module "node:net" has been 
externalized for browser compatibility, imported by 
"C:/Users/Departamento AI/OneDrive/Documents/COHETE 
BRANDS/C├│digo WebApp/Rocketflow/Rocketflow/node_modules
/express-rate-limit/dist/index.mjs". See https://vite.de
v/guide/troubleshooting.html#module-externalized-for-bro
wser-compatibility for more details.[39m
En línea: 1 Carácter: 1
+ & "C:\Program Files\nodejs/node.exe" 
"C:\Users\Departamento AI\AppDat ...
+ ~~~~~~~~~~~~~~~~~~~~~~~~~~~~~~~~~~~~~~~~~~~~~~~~~~~~~~
~~~~~~~~~~~~~~~
    + CategoryInfo          : NotSpecified: ([1m[33m[ 
   plugi...e details.[39m:String) [], RemoteException
    + FullyQualifiedErrorId : NativeCommandError
 
[1m[33m[plugin:vite:resolve][39m[22m [33m[plugin 
vite:resolve] Module "node:buffer" has been 
externalized for browser compatibility, imported by 
"C:/Users/Departamento AI/OneDrive/Documents/COHETE 
BRANDS/C├│digo WebApp/Rocketflow/Rocketflow/node_modules
/express-rate-limit/dist/index.mjs". See https://vite.de
v/guide/troubleshooting.html#module-externalized-for-bro
wser-compatibility for more details.[39m
[1m[33m[plugin:vite:resolve][39m[22m [33m[plugin 
vite:resolve] Module "node:crypto" has been 
externalized for browser compatibility, imported by 
"C:/Users/Departamento AI/OneDrive/Documents/COHETE 
BRANDS/C├│digo WebApp/Rocketflow/Rocketflow/node_modules
/express-rate-limit/dist/index.mjs". See https://vite.de
v/guide/troubleshooting.html#module-externalized-for-bro
wser-compatibility for more details.[39m
[1m[33m[plugin:vite:resolve][39m[22m [33m[plugin 
vite:resolve] Module "node:fs" has been externalized 
for browser compatibility, imported by 
"C:/Users/Departamento AI/OneDrive/Documents/COHETE 
BRANDS/C├│digo WebApp/Rocketflow/Rocketflow/node_modules
/vite/dist/node/index.js". See https://vite.dev/guide/tr
oubleshooting.html#module-externalized-for-browser-compa
tibility for more details.[39m
[1m[33m[plugin:vite:resolve][39m[22m [33m[plugin 
vite:resolve] Module "node:fs/promises" has been 
externalized for browser compatibility, imported by 
"C:/Users/Departamento AI/OneDrive/Documents/COHETE 
BRANDS/C├│digo WebApp/Rocketflow/Rocketflow/node_modules
/vite/dist/node/index.js". See https://vite.dev/guide/tr
oubleshooting.html#module-externalized-for-browser-compa
tibility for more details.[39m
[1m[33m[plugin:vite:resolve][39m[22m [33m[plugin 
vite:resolve] Module "node:path" has been externalized 
for browser compatibility, imported by 
"C:/Users/Departamento AI/OneDrive/Documents/COHETE 
BRANDS/C├│digo WebApp/Rocketflow/Rocketflow/node_modules
/vite/dist/node/index.js". See https://vite.dev/guide/tr
oubleshooting.html#module-externalized-for-browser-compa
tibility for more details.[39m
[1m[33m[plugin:vite:resolve][39m[22m [33m[plugin 
vite:resolve] Module "node:url" has been externalized 
for browser compatibility, imported by 
"C:/Users/Departamento AI/OneDrive/Documents/COHETE 
BRANDS/C├│digo WebApp/Rocketflow/Rocketflow/node_modules
/vite/dist/node/index.js". See https://vite.dev/guide/tr
oubleshooting.html#module-externalized-for-browser-compa
tibility for more details.[39m
[1m[33m[plugin:vite:resolve][39m[22m [33m[plugin 
vite:resolve] Module "node:util" has been externalized 
for browser compatibility, imported by 
"C:/Users/Departamento AI/OneDrive/Documents/COHETE 
BRANDS/C├│digo WebApp/Rocketflow/Rocketflow/node_modules
/vite/dist/node/index.js". See https://vite.dev/guide/tr
oubleshooting.html#module-externalized-for-browser-compa
tibility for more details.[39m
[1m[33m[plugin:vite:resolve][39m[22m [33m[plugin 
vite:resolve] Module "node:perf_hooks" has been 
externalized for browser compatibility, imported by 
"C:/Users/Departamento AI/OneDrive/Documents/COHETE 
BRANDS/C├│digo WebApp/Rocketflow/Rocketflow/node_modules
/vite/dist/node/index.js". See https://vite.dev/guide/tr
oubleshooting.html#module-externalized-for-browser-compa
tibility for more details.[39m
[1m[33m[plugin:vite:resolve][39m[22m [33m[plugin 
vite:resolve] Module "node:module" has been 
externalized for browser compatibility, imported by 
"C:/Users/Departamento AI/OneDrive/Documents/COHETE 
BRANDS/C├│digo WebApp/Rocketflow/Rocketflow/node_modules
/vite/dist/node/index.js". See https://vite.dev/guide/tr
oubleshooting.html#module-externalized-for-browser-compa
tibility for more details.[39m
[1m[33m[plugin:vite:resolve][39m[22m [33m[plugin 
vite:resolve] Module "node:crypto" has been 
externalized for browser compatibility, imported by 
"C:/Users/Departamento AI/OneDrive/Documents/COHETE 
BRANDS/C├│digo WebApp/Rocketflow/Rocketflow/node_modules
/vite/dist/node/index.js". See https://vite.dev/guide/tr
oubleshooting.html#module-externalized-for-browser-compa
tibility for more details.[39m
[1m[33m[plugin:vite:resolve][39m[22m [33m[plugin 
vite:resolve] Module "tty" has been externalized for 
browser compatibility, imported by 
"C:/Users/Departamento AI/OneDrive/Documents/COHETE 
BRANDS/C├│digo WebApp/Rocketflow/Rocketflow/node_modules
/vite/dist/node/index.js". See https://vite.dev/guide/tr
oubleshooting.html#module-externalized-for-browser-compa
tibility for more details.[39m
[1m[33m[plugin:vite:resolve][39m[22m [33m[plugin 
vite:resolve] Module "node:events" has been 
externalized for browser compatibility, imported by 
"C:/Users/Departamento AI/OneDrive/Documents/COHETE 
BRANDS/C├│digo WebApp/Rocketflow/Rocketflow/node_modules
/vite/dist/node/index.js". See https://vite.dev/guide/tr
oubleshooting.html#module-externalized-for-browser-compa
tibility for more details.[39m
[1m[33m[plugin:vite:resolve][39m[22m [33m[plugin 
vite:resolve] Module "node:stream" has been 
externalized for browser compatibility, imported by 
"C:/Users/Departamento AI/OneDrive/Documents/COHETE 
BRANDS/C├│digo WebApp/Rocketflow/Rocketflow/node_modules
/vite/dist/node/index.js". See https://vite.dev/guide/tr
oubleshooting.html#module-externalized-for-browser-compa
tibility for more details.[39m
[1m[33m[plugin:vite:resolve][39m[22m [33m[plugin 
vite:resolve] Module "node:string_decoder" has been 
externalized for browser compatibility, imported by 
"C:/Users/Departamento AI/OneDrive/Documents/COHETE 
BRANDS/C├│digo WebApp/Rocketflow/Rocketflow/node_modules
/vite/dist/node/index.js". See https://vite.dev/guide/tr
oubleshooting.html#module-externalized-for-browser-compa
tibility for more details.[39m
[1m[33m[plugin:vite:resolve][39m[22m [33m[plugin 
vite:resolve] Module "node:child_process" has been 
externalized for browser compatibility, imported by 
"C:/Users/Departamento AI/OneDrive/Documents/COHETE 
BRANDS/C├│digo WebApp/Rocketflow/Rocketflow/node_modules
/vite/dist/node/index.js". See https://vite.dev/guide/tr
oubleshooting.html#module-externalized-for-browser-compa
tibility for more details.[39m
[1m[33m[plugin:vite:resolve][39m[22m [33m[plugin 
vite:resolve] Module "node:http" has been externalized 
for browser compatibility, imported by 
"C:/Users/Departamento AI/OneDrive/Documents/COHETE 
BRANDS/C├│digo WebApp/Rocketflow/Rocketflow/node_modules
/vite/dist/node/index.js". See https://vite.dev/guide/tr
oubleshooting.html#module-externalized-for-browser-compa
tibility for more details.[39m
[1m[33m[plugin:vite:resolve][39m[22m [33m[plugin 
vite:resolve] Module "node:https" has been externalized 
for browser compatibility, imported by 
"C:/Users/Departamento AI/OneDrive/Documents/COHETE 
BRANDS/C├│digo WebApp/Rocketflow/Rocketflow/node_modules
/vite/dist/node/index.js". See https://vite.dev/guide/tr
oubleshooting.html#module-externalized-for-browser-compa
tibility for more details.[39m
[1m[33m[plugin:vite:resolve][39m[22m [33m[plugin 
vite:resolve] Module "node:os" has been externalized 
for browser compatibility, imported by 
"C:/Users/Departamento AI/OneDrive/Documents/COHETE 
BRANDS/C├│digo WebApp/Rocketflow/Rocketflow/node_modules
/vite/dist/node/index.js". See https://vite.dev/guide/tr
oubleshooting.html#module-externalized-for-browser-compa
tibility for more details.[39m
[1m[33m[plugin:vite:resolve][39m[22m [33m[plugin 
vite:resolve] Module "node:dns" has been externalized 
for browser compatibility, imported by 
"C:/Users/Departamento AI/OneDrive/Documents/COHETE 
BRANDS/C├│digo WebApp/Rocketflow/Rocketflow/node_modules
/vite/dist/node/index.js". See https://vite.dev/guide/tr
oubleshooting.html#module-externalized-for-browser-compa
tibility for more details.[39m
[1m[33m[plugin:vite:resolve][39m[22m [33m[plugin 
vite:resolve] Module "module" has been externalized for 
browser compatibility, imported by 
"C:/Users/Departamento AI/OneDrive/Documents/COHETE 
BRANDS/C├│digo WebApp/Rocketflow/Rocketflow/node_modules
/vite/dist/node/index.js". See https://vite.dev/guide/tr
oubleshooting.html#module-externalized-for-browser-compa
tibility for more details.[39m
[1m[33m[plugin:vite:resolve][39m[22m [33m[plugin 
vite:resolve] Module "node:assert" has been 
externalized for browser compatibility, imported by 
"C:/Users/Departamento AI/OneDrive/Documents/COHETE 
BRANDS/C├│digo WebApp/Rocketflow/Rocketflow/node_modules
/vite/dist/node/index.js". See https://vite.dev/guide/tr
oubleshooting.html#module-externalized-for-browser-compa
tibility for more details.[39m
[1m[33m[plugin:vite:resolve][39m[22m [33m[plugin 
vite:resolve] Module "node:v8" has been externalized 
for browser compatibility, imported by 
"C:/Users/Departamento AI/OneDrive/Documents/COHETE 
BRANDS/C├│digo WebApp/Rocketflow/Rocketflow/node_modules
/vite/dist/node/index.js". See https://vite.dev/guide/tr
oubleshooting.html#module-externalized-for-browser-compa
tibility for more details.[39m
[1m[33m[plugin:vite:resolve][39m[22m [33m[plugin 
vite:resolve] Module "node:worker_threads" has been 
externalized for browser compatibility, imported by 
"C:/Users/Departamento AI/OneDrive/Documents/COHETE 
BRANDS/C├│digo WebApp/Rocketflow/Rocketflow/node_modules
/vite/dist/node/index.js". See https://vite.dev/guide/tr
oubleshooting.html#module-externalized-for-browser-compa
tibility for more details.[39m
[1m[33m[plugin:vite:resolve][39m[22m [33m[plugin 
vite:resolve] Module "node:buffer" has been 
externalized for browser compatibility, imported by 
"C:/Users/Departamento AI/OneDrive/Documents/COHETE 
BRANDS/C├│digo WebApp/Rocketflow/Rocketflow/node_modules
/vite/dist/node/index.js". See https://vite.dev/guide/tr
oubleshooting.html#module-externalized-for-browser-compa
tibility for more details.[39m
[1m[33m[plugin:vite:resolve][39m[22m [33m[plugin 
vite:resolve] Module "node:readline" has been 
externalized for browser compatibility, imported by 
"C:/Users/Departamento AI/OneDrive/Documents/COHETE 
BRANDS/C├│digo WebApp/Rocketflow/Rocketflow/node_modules
/vite/dist/node/index.js". See https://vite.dev/guide/tr
oubleshooting.html#module-externalized-for-browser-compa
tibility for more details.[39m
[1m[33m[plugin:vite:resolve][39m[22m [33m[plugin 
vite:resolve] Module "node:net" has been externalized 
for browser compatibility, imported by 
"C:/Users/Departamento AI/OneDrive/Documents/COHETE 
BRANDS/C├│digo WebApp/Rocketflow/Rocketflow/node_modules
/vite/dist/node/index.js". See https://vite.dev/guide/tr
oubleshooting.html#module-externalized-for-browser-compa
tibility for more details.[39m
[1m[33m[plugin:vite:resolve][39m[22m [33m[plugin 
vite:resolve] Module "assert" has been externalized for 
browser compatibility, imported by 
"C:/Users/Departamento AI/OneDrive/Documents/COHETE 
BRANDS/C├│digo WebApp/Rocketflow/Rocketflow/node_modules
/vite/dist/node/index.js". See https://vite.dev/guide/tr
oubleshooting.html#module-externalized-for-browser-compa
tibility for more details.[39m
[1m[33m[plugin:vite:resolve][39m[22m [33m[plugin 
vite:resolve] Module "node:zlib" has been externalized 
for browser compatibility, imported by 
"C:/Users/Departamento AI/OneDrive/Documents/COHETE 
BRANDS/C├│digo WebApp/Rocketflow/Rocketflow/node_modules
/vite/dist/node/index.js". See https://vite.dev/guide/tr
oubleshooting.html#module-externalized-for-browser-compa
tibility for more details.[39m
[1m[33m[plugin:vite:resolve][39m[22m [33m[plugin 
vite:resolve] Module "async_hooks" has been 
externalized for browser compatibility, imported by 
"C:/Users/Departamento AI/OneDrive/Documents/COHETE 
BRANDS/C├│digo WebApp/Rocketflow/Rocketflow/node_modules
/on-finished/index.js". See https://vite.dev/guide/troub
leshooting.html#module-externalized-for-browser-compatib
ility for more details.[39m
[1m[33m[plugin:vite:resolve][39m[22m [33m[plugin 
vite:resolve] Module "tty" has been externalized for 
browser compatibility, imported by 
"C:/Users/Departamento AI/OneDrive/Documents/COHETE 
BRANDS/C├│digo WebApp/Rocketflow/Rocketflow/node_modules
/vite/node_modules/esbuild/lib/main.js". See https://vit
e.dev/guide/troubleshooting.html#module-externalized-for
-browser-compatibility for more details.[39m
[1m[33m[plugin:vite:resolve][39m[22m [33m[plugin 
vite:resolve] Module "worker_threads" has been 
externalized for browser compatibility, imported by 
"C:/Users/Departamento AI/OneDrive/Documents/COHETE 
BRANDS/C├│digo WebApp/Rocketflow/Rocketflow/node_modules
/vite/node_modules/esbuild/lib/main.js". See https://vit
e.dev/guide/troubleshooting.html#module-externalized-for
-browser-compatibility for more details.[39m
[1m[33m[plugin:vite:resolve][39m[22m [33m[plugin 
vite:resolve] Module "node:path" has been externalized 
for browser compatibility, imported by 
"C:/Users/Departamento AI/OneDrive/Documents/COHETE 
BRANDS/C├│digo WebApp/Rocketflow/Rocketflow/node_modules
/rollup/dist/es/parseAst.js". See https://vite.dev/guide
/troubleshooting.html#module-externalized-for-browser-co
mpatibility for more details.[39m
[1m[33m[plugin:vite:resolve][39m[22m [33m[plugin 
vite:resolve] Module "fs/promises" has been 
externalized for browser compatibility, imported by 
"C:/Users/Departamento AI/OneDrive/Documents/COHETE 
BRANDS/C├│digo 
WebApp/Rocketflow/Rocketflow/server/ai-analyzer.ts". 
See https://vite.dev/guide/troubleshooting.html#module-e
xternalized-for-browser-compatibility for more 
details.[39m
[1m[33m[plugin:vite:resolve][39m[22m [33m[plugin 
vite:resolve] Module "node:path" has been externalized 
for browser compatibility, imported by 
"C:/Users/Departamento AI/OneDrive/Documents/COHETE 
BRANDS/C├│digo WebApp/Rocketflow/Rocketflow/node_modules
/vite/dist/node/constants.js". See https://vite.dev/guid
e/troubleshooting.html#module-externalized-for-browser-c
ompatibility for more details.[39m
[1m[33m[plugin:vite:resolve][39m[22m [33m[plugin 
vite:resolve] Module "node:url" has been externalized 
for browser compatibility, imported by 
"C:/Users/Departamento AI/OneDrive/Documents/COHETE 
BRANDS/C├│digo WebApp/Rocketflow/Rocketflow/node_modules
/vite/dist/node/constants.js". See https://vite.dev/guid
e/troubleshooting.html#module-externalized-for-browser-c
ompatibility for more details.[39m
[1m[33m[plugin:vite:resolve][39m[22m [33m[plugin 
vite:resolve] Module "node:fs" has been externalized 
for browser compatibility, imported by 
"C:/Users/Departamento AI/OneDrive/Documents/COHETE 
BRANDS/C├│digo WebApp/Rocketflow/Rocketflow/node_modules
/vite/dist/node/constants.js". See https://vite.dev/guid
e/troubleshooting.html#module-externalized-for-browser-c
ompatibility for more details.[39m
[1m[33m[plugin:vite:resolve][39m[22m [33m[plugin 
vite:resolve] Module "node:fs" has been externalized 
for browser compatibility, imported by 
"C:/Users/Departamento AI/OneDrive/Documents/COHETE 
BRANDS/C├│digo WebApp/Rocketflow/Rocketflow/node_modules
/vite/dist/node/chunks/dep-CHZK6zbr.js". See https://vit
e.dev/guide/troubleshooting.html#module-externalized-for
-browser-compatibility for more details.[39m
[1m[33m[plugin:vite:resolve][39m[22m [33m[plugin 
vite:resolve] Module "node:fs/promises" has been 
externalized for browser compatibility, imported by 
"C:/Users/Departamento AI/OneDrive/Documents/COHETE 
BRANDS/C├│digo WebApp/Rocketflow/Rocketflow/node_modules
/vite/dist/node/chunks/dep-CHZK6zbr.js". See https://vit
e.dev/guide/troubleshooting.html#module-externalized-for
-browser-compatibility for more details.[39m
[1m[33m[plugin:vite:resolve][39m[22m [33m[plugin 
vite:resolve] Module "node:path" has been externalized 
for browser compatibility, imported by 
"C:/Users/Departamento AI/OneDrive/Documents/COHETE 
BRANDS/C├│digo WebApp/Rocketflow/Rocketflow/node_modules
/vite/dist/node/chunks/dep-CHZK6zbr.js". See https://vit
e.dev/guide/troubleshooting.html#module-externalized-for
-browser-compatibility for more details.[39m
[1m[33m[plugin:vite:resolve][39m[22m [33m[plugin 
vite:resolve] Module "node:url" has been externalized 
for browser compatibility, imported by 
"C:/Users/Departamento AI/OneDrive/Documents/COHETE 
BRANDS/C├│digo WebApp/Rocketflow/Rocketflow/node_modules
/vite/dist/node/chunks/dep-CHZK6zbr.js". See https://vit
e.dev/guide/troubleshooting.html#module-externalized-for
-browser-compatibility for more details.[39m
[1m[33m[plugin:vite:resolve][39m[22m [33m[plugin 
vite:resolve] Module "node:util" has been externalized 
for browser compatibility, imported by 
"C:/Users/Departamento AI/OneDrive/Documents/COHETE 
BRANDS/C├│digo WebApp/Rocketflow/Rocketflow/node_modules
/vite/dist/node/chunks/dep-CHZK6zbr.js". See https://vit
e.dev/guide/troubleshooting.html#module-externalized-for
-browser-compatibility for more details.[39m
[1m[33m[plugin:vite:resolve][39m[22m [33m[plugin 
vite:resolve] Module "node:perf_hooks" has been 
externalized for browser compatibility, imported by 
"C:/Users/Departamento AI/OneDrive/Documents/COHETE 
BRANDS/C├│digo WebApp/Rocketflow/Rocketflow/node_modules
/vite/dist/node/chunks/dep-CHZK6zbr.js". See https://vit
e.dev/guide/troubleshooting.html#module-externalized-for
-browser-compatibility for more details.[39m
[1m[33m[plugin:vite:resolve][39m[22m [33m[plugin 
vite:resolve] Module "node:module" has been 
externalized for browser compatibility, imported by 
"C:/Users/Departamento AI/OneDrive/Documents/COHETE 
BRANDS/C├│digo WebApp/Rocketflow/Rocketflow/node_modules
/vite/dist/node/chunks/dep-CHZK6zbr.js". See https://vit
e.dev/guide/troubleshooting.html#module-externalized-for
-browser-compatibility for more details.[39m
[1m[33m[plugin:vite:resolve][39m[22m [33m[plugin 
vite:resolve] Module "node:crypto" has been 
externalized for browser compatibility, imported by 
"C:/Users/Departamento AI/OneDrive/Documents/COHETE 
BRANDS/C├│digo WebApp/Rocketflow/Rocketflow/node_modules
/vite/dist/node/chunks/dep-CHZK6zbr.js". See https://vit
e.dev/guide/troubleshooting.html#module-externalized-for
-browser-compatibility for more details.[39m
[1m[33m[plugin:vite:resolve][39m[22m [33m[plugin 
vite:resolve] Module "tty" has been externalized for 
browser compatibility, imported by 
"C:/Users/Departamento AI/OneDrive/Documents/COHETE 
BRANDS/C├│digo WebApp/Rocketflow/Rocketflow/node_modules
/vite/dist/node/chunks/dep-CHZK6zbr.js". See https://vit
e.dev/guide/troubleshooting.html#module-externalized-for
-browser-compatibility for more details.[39m
[1m[33m[plugin:vite:resolve][39m[22m [33m[plugin 
vite:resolve] Module "node:events" has been 
externalized for browser compatibility, imported by 
"C:/Users/Departamento AI/OneDrive/Documents/COHETE 
BRANDS/C├│digo WebApp/Rocketflow/Rocketflow/node_modules
/vite/dist/node/chunks/dep-CHZK6zbr.js". See https://vit
e.dev/guide/troubleshooting.html#module-externalized-for
-browser-compatibility for more details.[39m
[1m[33m[plugin:vite:resolve][39m[22m [33m[plugin 
vite:resolve] Module "node:stream" has been 
externalized for browser compatibility, imported by 
"C:/Users/Departamento AI/OneDrive/Documents/COHETE 
BRANDS/C├│digo WebApp/Rocketflow/Rocketflow/node_modules
/vite/dist/node/chunks/dep-CHZK6zbr.js". See https://vit
e.dev/guide/troubleshooting.html#module-externalized-for
-browser-compatibility for more details.[39m
[1m[33m[plugin:vite:resolve][39m[22m [33m[plugin 
vite:resolve] Module "node:string_decoder" has been 
externalized for browser compatibility, imported by 
"C:/Users/Departamento AI/OneDrive/Documents/COHETE 
BRANDS/C├│digo WebApp/Rocketflow/Rocketflow/node_modules
/vite/dist/node/chunks/dep-CHZK6zbr.js". See https://vit
e.dev/guide/troubleshooting.html#module-externalized-for
-browser-compatibility for more details.[39m
[1m[33m[plugin:vite:resolve][39m[22m [33m[plugin 
vite:resolve] Module "node:child_process" has been 
externalized for browser compatibility, imported by 
"C:/Users/Departamento AI/OneDrive/Documents/COHETE 
BRANDS/C├│digo WebApp/Rocketflow/Rocketflow/node_modules
/vite/dist/node/chunks/dep-CHZK6zbr.js". See https://vit
e.dev/guide/troubleshooting.html#module-externalized-for
-browser-compatibility for more details.[39m
[1m[33m[plugin:vite:resolve][39m[22m [33m[plugin 
vite:resolve] Module "node:http" has been externalized 
for browser compatibility, imported by 
"C:/Users/Departamento AI/OneDrive/Documents/COHETE 
BRANDS/C├│digo WebApp/Rocketflow/Rocketflow/node_modules
/vite/dist/node/chunks/dep-CHZK6zbr.js". See https://vit
e.dev/guide/troubleshooting.html#module-externalized-for
-browser-compatibility for more details.[39m
[1m[33m[plugin:vite:resolve][39m[22m [33m[plugin 
vite:resolve] Module "node:https" has been externalized 
for browser compatibility, imported by 
"C:/Users/Departamento AI/OneDrive/Documents/COHETE 
BRANDS/C├│digo WebApp/Rocketflow/Rocketflow/node_modules
/vite/dist/node/chunks/dep-CHZK6zbr.js". See https://vit
e.dev/guide/troubleshooting.html#module-externalized-for
-browser-compatibility for more details.[39m
[1m[33m[plugin:vite:resolve][39m[22m [33m[plugin 
vite:resolve] Module "node:os" has been externalized 
for browser compatibility, imported by 
"C:/Users/Departamento AI/OneDrive/Documents/COHETE 
BRANDS/C├│digo WebApp/Rocketflow/Rocketflow/node_modules
/vite/dist/node/chunks/dep-CHZK6zbr.js". See https://vit
e.dev/guide/troubleshooting.html#module-externalized-for
-browser-compatibility for more details.[39m
[1m[33m[plugin:vite:resolve][39m[22m [33m[plugin 
vite:resolve] Module "node:dns" has been externalized 
for browser compatibility, imported by 
"C:/Users/Departamento AI/OneDrive/Documents/COHETE 
BRANDS/C├│digo WebApp/Rocketflow/Rocketflow/node_modules
/vite/dist/node/chunks/dep-CHZK6zbr.js". See https://vit
e.dev/guide/troubleshooting.html#module-externalized-for
-browser-compatibility for more details.[39m
[1m[33m[plugin:vite:resolve][39m[22m [33m[plugin 
vite:resolve] Module "module" has been externalized for 
browser compatibility, imported by 
"C:/Users/Departamento AI/OneDrive/Documents/COHETE 
BRANDS/C├│digo WebApp/Rocketflow/Rocketflow/node_modules
/vite/dist/node/chunks/dep-CHZK6zbr.js". See https://vit
e.dev/guide/troubleshooting.html#module-externalized-for
-browser-compatibility for more details.[39m
[1m[33m[plugin:vite:resolve][39m[22m [33m[plugin 
vite:resolve] Module "node:assert" has been 
externalized for browser compatibility, imported by 
"C:/Users/Departamento AI/OneDrive/Documents/COHETE 
BRANDS/C├│digo WebApp/Rocketflow/Rocketflow/node_modules
/vite/dist/node/chunks/dep-CHZK6zbr.js". See https://vit
e.dev/guide/troubleshooting.html#module-externalized-for
-browser-compatibility for more details.[39m
[1m[33m[plugin:vite:resolve][39m[22m [33m[plugin 
vite:resolve] Module "node:v8" has been externalized 
for browser compatibility, imported by 
"C:/Users/Departamento AI/OneDrive/Documents/COHETE 
BRANDS/C├│digo WebApp/Rocketflow/Rocketflow/node_modules
/vite/dist/node/chunks/dep-CHZK6zbr.js". See https://vit
e.dev/guide/troubleshooting.html#module-externalized-for
-browser-compatibility for more details.[39m
[1m[33m[plugin:vite:resolve][39m[22m [33m[plugin 
vite:resolve] Module "node:worker_threads" has been 
externalized for browser compatibility, imported by 
"C:/Users/Departamento AI/OneDrive/Documents/COHETE 
BRANDS/C├│digo WebApp/Rocketflow/Rocketflow/node_modules
/vite/dist/node/chunks/dep-CHZK6zbr.js". See https://vit
e.dev/guide/troubleshooting.html#module-externalized-for
-browser-compatibility for more details.[39m
[1m[33m[plugin:vite:resolve][39m[22m [33m[plugin 
vite:resolve] Module "node:buffer" has been 
externalized for browser compatibility, imported by 
"C:/Users/Departamento AI/OneDrive/Documents/COHETE 
BRANDS/C├│digo WebApp/Rocketflow/Rocketflow/node_modules
/vite/dist/node/chunks/dep-CHZK6zbr.js". See https://vit
e.dev/guide/troubleshooting.html#module-externalized-for
-browser-compatibility for more details.[39m
[1m[33m[plugin:vite:resolve][39m[22m [33m[plugin 
vite:resolve] Module "node:readline" has been 
externalized for browser compatibility, imported by 
"C:/Users/Departamento AI/OneDrive/Documents/COHETE 
BRANDS/C├│digo WebApp/Rocketflow/Rocketflow/node_modules
/vite/dist/node/chunks/dep-CHZK6zbr.js". See https://vit
e.dev/guide/troubleshooting.html#module-externalized-for
-browser-compatibility for more details.[39m
[1m[33m[plugin:vite:resolve][39m[22m [33m[plugin 
vite:resolve] Module "node:net" has been externalized 
for browser compatibility, imported by 
"C:/Users/Departamento AI/OneDrive/Documents/COHETE 
BRANDS/C├│digo WebApp/Rocketflow/Rocketflow/node_modules
/vite/dist/node/chunks/dep-CHZK6zbr.js". See https://vit
e.dev/guide/troubleshooting.html#module-externalized-for
-browser-compatibility for more details.[39m
[1m[33m[plugin:vite:resolve][39m[22m [33m[plugin 
vite:resolve] Module "assert" has been externalized for 
browser compatibility, imported by 
"C:/Users/Departamento AI/OneDrive/Documents/COHETE 
BRANDS/C├│digo WebApp/Rocketflow/Rocketflow/node_modules
/vite/dist/node/chunks/dep-CHZK6zbr.js". See https://vit
e.dev/guide/troubleshooting.html#module-externalized-for
-browser-compatibility for more details.[39m
[1m[33m[plugin:vite:resolve][39m[22m [33m[plugin 
vite:resolve] Module "node:zlib" has been externalized 
for browser compatibility, imported by 
"C:/Users/Departamento AI/OneDrive/Documents/COHETE 
BRANDS/C├│digo WebApp/Rocketflow/Rocketflow/node_modules
/vite/dist/node/chunks/dep-CHZK6zbr.js". See https://vit
e.dev/guide/troubleshooting.html#module-externalized-for
-browser-compatibility for more details.[39m
[1m[33m[plugin:vite:resolve][39m[22m [33m[plugin 
vite:resolve] Module "node:http" has been externalized 
for browser compatibility, imported by 
"C:/Users/Departamento AI/OneDrive/Documents/COHETE 
BRANDS/C├│digo WebApp/Rocketflow/Rocketflow/node_modules
/vite/dist/node/chunks/dep-CHZK6zbr.js". See https://vit
e.dev/guide/troubleshooting.html#module-externalized-for
-browser-compatibility for more details.[39m
[1m[33m[plugin:vite:resolve][39m[22m [33m[plugin 
vite:resolve] Module "node:https" has been externalized 
for browser compatibility, imported by 
"C:/Users/Departamento AI/OneDrive/Documents/COHETE 
BRANDS/C├│digo WebApp/Rocketflow/Rocketflow/node_modules
/vite/dist/node/chunks/dep-CHZK6zbr.js". See https://vit
e.dev/guide/troubleshooting.html#module-externalized-for
-browser-compatibility for more details.[39m
[1m[33m[plugin:vite:resolve][39m[22m [33m[plugin 
vite:resolve] Module "node:http2" has been externalized 
for browser compatibility, imported by 
"C:/Users/Departamento AI/OneDrive/Documents/COHETE 
BRANDS/C├│digo WebApp/Rocketflow/Rocketflow/node_modules
/vite/dist/node/chunks/dep-CHZK6zbr.js". See https://vit
e.dev/guide/troubleshooting.html#module-externalized-for
-browser-compatibility for more details.[39m
[1m[33m[plugin:vite:resolve][39m[22m [33m[plugin 
vite:resolve] Module "node:fs" has been externalized 
for browser compatibility, imported by 
"C:/Users/Departamento AI/OneDrive/Documents/COHETE 
BRANDS/C├│digo WebApp/Rocketflow/Rocketflow/node_modules
/rollup/dist/native.js". See https://vite.dev/guide/trou
bleshooting.html#module-externalized-for-browser-compati
bility for more details.[39m
[1m[33m[plugin:vite:resolve][39m[22m [33m[plugin 
vite:resolve] Module "node:path" has been externalized 
for browser compatibility, imported by 
"C:/Users/Departamento AI/OneDrive/Documents/COHETE 
BRANDS/C├│digo WebApp/Rocketflow/Rocketflow/node_modules
/rollup/dist/native.js". See https://vite.dev/guide/trou
bleshooting.html#module-externalized-for-browser-compati
bility for more details.[39m
[1m[33m[plugin:vite:resolve][39m[22m [33m[plugin 
vite:resolve] Module "node:process" has been 
externalized for browser compatibility, imported by 
"C:/Users/Departamento AI/OneDrive/Documents/COHETE 
BRANDS/C├│digo WebApp/Rocketflow/Rocketflow/node_modules
/rollup/dist/native.js". See https://vite.dev/guide/trou
bleshooting.html#module-externalized-for-browser-compati
bility for more details.[39m
[1m[33m[plugin:vite:resolve][39m[22m [33m[plugin 
vite:resolve] Module "node:path" has been externalized 
for browser compatibility, imported by 
"C:/Users/Departamento AI/OneDrive/Documents/COHETE 
BRANDS/C├│digo WebApp/Rocketflow/Rocketflow/node_modules
/rollup/dist/es/shared/parseAst.js". See https://vite.de
v/guide/troubleshooting.html#module-externalized-for-bro
wser-compatibility for more details.[39m
[1m[33m[plugin:vite:resolve][39m[22m [33m[plugin 
vite:resolve] Module "async_hooks" has been 
externalized for browser compatibility, imported by 
"C:/Users/Departamento AI/OneDrive/Documents/COHETE 
BRANDS/C├│digo WebApp/Rocketflow/Rocketflow/node_modules
/raw-body/index.js". See https://vite.dev/guide/troubles
hooting.html#module-externalized-for-browser-compatibili
ty for more details.[39m
[1m[33m[plugin:vite:resolve][39m[22m [33m[plugin 
vite:resolve] Module "node:path" has been externalized 
for browser compatibility, imported by 
"C:/Users/Departamento AI/OneDrive/Documents/COHETE 
BRANDS/C├│digo WebApp/Rocketflow/Rocketflow/node_modules
/connect-pg-simple/index.js". See https://vite.dev/guide
/troubleshooting.html#module-externalized-for-browser-co
mpatibility for more details.[39m
[1m[33m[plugin:vite:resolve][39m[22m [33m[plugin 
vite:resolve] Module "node:fs" has been externalized 
for browser compatibility, imported by 
"C:/Users/Departamento AI/OneDrive/Documents/COHETE 
BRANDS/C├│digo WebApp/Rocketflow/Rocketflow/node_modules
/connect-pg-simple/index.js". See https://vite.dev/guide
/troubleshooting.html#module-externalized-for-browser-co
mpatibility for more details.[39m
[1m[33m[plugin:vite:resolve][39m[22m [33m[plugin 
vite:resolve] Module "node:url" has been externalized 
for browser compatibility, imported by 
"C:/Users/Departamento AI/OneDrive/Documents/COHETE 
BRANDS/C├│digo WebApp/Rocketflow/Rocketflow/node_modules
/vite/dist/node/chunks/dep-D0tGukau.js". See https://vit
e.dev/guide/troubleshooting.html#module-externalized-for
-browser-compatibility for more details.[39m
[1m[33m[plugin:vite:resolve][39m[22m [33m[plugin 
vite:resolve] Module "node:path" has been externalized 
for browser compatibility, imported by 
"C:/Users/Departamento AI/OneDrive/Documents/COHETE 
BRANDS/C├│digo WebApp/Rocketflow/Rocketflow/node_modules
/vite/dist/node/chunks/dep-D0tGukau.js". See https://vit
e.dev/guide/troubleshooting.html#module-externalized-for
-browser-compatibility for more details.[39m
[1m[33m[plugin:vite:resolve][39m[22m [33m[plugin 
vite:resolve] Module "node:module" has been 
externalized for browser compatibility, imported by 
"C:/Users/Departamento AI/OneDrive/Documents/COHETE 
BRANDS/C├│digo WebApp/Rocketflow/Rocketflow/node_modules
/vite/dist/node/chunks/dep-D0tGukau.js". See https://vit
e.dev/guide/troubleshooting.html#module-externalized-for
-browser-compatibility for more details.[39m
[1m[33m[plugin:vite:resolve][39m[22m [33m[plugin 
vite:resolve] Module "node:path" has been externalized 
for browser compatibility, imported by 
"C:/Users/Departamento AI/OneDrive/Documents/COHETE 
BRANDS/C├│digo WebApp/Rocketflow/Rocketflow/node_modules
/rollup/dist/es/rollup.js". See https://vite.dev/guide/t
roubleshooting.html#module-externalized-for-browser-comp
atibility for more details.[39m
[1m[33m[plugin:vite:resolve][39m[22m [33m[plugin 
vite:resolve] Module "node:process" has been 
externalized for browser compatibility, imported by 
"C:/Users/Departamento AI/OneDrive/Documents/COHETE 
BRANDS/C├│digo WebApp/Rocketflow/Rocketflow/node_modules
/rollup/dist/es/rollup.js". See https://vite.dev/guide/t
roubleshooting.html#module-externalized-for-browser-comp
atibility for more details.[39m
[1m[33m[plugin:vite:resolve][39m[22m [33m[plugin 
vite:resolve] Module "node:perf_hooks" has been 
externalized for browser compatibility, imported by 
"C:/Users/Departamento AI/OneDrive/Documents/COHETE 
BRANDS/C├│digo WebApp/Rocketflow/Rocketflow/node_modules
/rollup/dist/es/rollup.js". See https://vite.dev/guide/t
roubleshooting.html#module-externalized-for-browser-comp
atibility for more details.[39m
[1m[33m[plugin:vite:resolve][39m[22m [33m[plugin 
vite:resolve] Module "node:fs/promises" has been 
externalized for browser compatibility, imported by 
"C:/Users/Departamento AI/OneDrive/Documents/COHETE 
BRANDS/C├│digo WebApp/Rocketflow/Rocketflow/node_modules
/rollup/dist/es/rollup.js". See https://vite.dev/guide/t
roubleshooting.html#module-externalized-for-browser-comp
atibility for more details.[39m
[1m[33m[plugin:vite:resolve][39m[22m [33m[plugin 
vite:resolve] Module "tty" has been externalized for 
browser compatibility, imported by 
"C:/Users/Departamento AI/OneDrive/Documents/COHETE 
BRANDS/C├│digo WebApp/Rocketflow/Rocketflow/node_modules
/rollup/dist/es/rollup.js". See https://vite.dev/guide/t
roubleshooting.html#module-externalized-for-browser-comp
atibility for more details.[39m
[1m[33m[plugin:vite:resolve][39m[22m [33m[plugin 
vite:resolve] Module "node:url" has been externalized 
for browser compatibility, imported by 
"C:/Users/Departamento AI/OneDrive/Documents/COHETE 
BRANDS/C├│digo WebApp/Rocketflow/Rocketflow/node_modules
/vite/dist/node/chunks/dep-DIiRB4RW.js". See https://vit
e.dev/guide/troubleshooting.html#module-externalized-for
-browser-compatibility for more details.[39m
[1m[33m[plugin:vite:resolve][39m[22m [33m[plugin 
vite:resolve] Module "node:path" has been externalized 
for browser compatibility, imported by 
"C:/Users/Departamento AI/OneDrive/Documents/COHETE 
BRANDS/C├│digo WebApp/Rocketflow/Rocketflow/node_modules
/vite/dist/node/chunks/dep-DIiRB4RW.js". See https://vit
e.dev/guide/troubleshooting.html#module-externalized-for
-browser-compatibility for more details.[39m
[1m[33m[plugin:vite:resolve][39m[22m [33m[plugin 
vite:resolve] Module "node:module" has been 
externalized for browser compatibility, imported by 
"C:/Users/Departamento AI/OneDrive/Documents/COHETE 
BRANDS/C├│digo WebApp/Rocketflow/Rocketflow/node_modules
/vite/dist/node/chunks/dep-DIiRB4RW.js". See https://vit
e.dev/guide/troubleshooting.html#module-externalized-for
-browser-compatibility for more details.[39m
[1m[33m[plugin:vite:resolve][39m[22m [33m[plugin 
vite:resolve] Module "node:url" has been externalized 
for browser compatibility, imported by 
"C:/Users/Departamento AI/OneDrive/Documents/COHETE 
BRANDS/C├│digo WebApp/Rocketflow/Rocketflow/node_modules
/vite/dist/node/chunks/dep-D-7KCb9p.js". See https://vit
e.dev/guide/troubleshooting.html#module-externalized-for
-browser-compatibility for more details.[39m
[1m[33m[plugin:vite:resolve][39m[22m [33m[plugin 
vite:resolve] Module "node:path" has been externalized 
for browser compatibility, imported by 
"C:/Users/Departamento AI/OneDrive/Documents/COHETE 
BRANDS/C├│digo WebApp/Rocketflow/Rocketflow/node_modules
/vite/dist/node/chunks/dep-D-7KCb9p.js". See https://vit
e.dev/guide/troubleshooting.html#module-externalized-for
-browser-compatibility for more details.[39m
[1m[33m[plugin:vite:resolve][39m[22m [33m[plugin 
vite:resolve] Module "node:module" has been 
externalized for browser compatibility, imported by 
"C:/Users/Departamento AI/OneDrive/Documents/COHETE 
BRANDS/C├│digo WebApp/Rocketflow/Rocketflow/node_modules
/vite/dist/node/chunks/dep-D-7KCb9p.js". See https://vit
e.dev/guide/troubleshooting.html#module-externalized-for
-browser-compatibility for more details.[39m
[1m[33m[plugin:vite:resolve][39m[22m [33m[plugin 
vite:resolve] Module "perf_hooks" has been externalized 
for browser compatibility, imported by 
"C:/Users/Departamento AI/OneDrive/Documents/COHETE 
BRANDS/C├│digo WebApp/Rocketflow/Rocketflow/node_modules
/postgres/src/connection.js". See https://vite.dev/guide
/troubleshooting.html#module-externalized-for-browser-co
mpatibility for more details.[39m
[1m[33m[plugin:vite:resolve][39m[22m [33m[plugin 
vite:resolve] Module "node:url" has been externalized 
for browser compatibility, imported by 
"C:/Users/Departamento AI/OneDrive/Documents/COHETE 
BRANDS/C├│digo WebApp/Rocketflow/Rocketflow/node_modules
/vite/dist/node/chunks/dep-IQS-Za7F.js". See https://vit
e.dev/guide/troubleshooting.html#module-externalized-for
-browser-compatibility for more details.[39m
[1m[33m[plugin:vite:resolve][39m[22m [33m[plugin 
vite:resolve] Module "node:path" has been externalized 
for browser compatibility, imported by 
"C:/Users/Departamento AI/OneDrive/Documents/COHETE 
BRANDS/C├│digo WebApp/Rocketflow/Rocketflow/node_modules
/vite/dist/node/chunks/dep-IQS-Za7F.js". See https://vit
e.dev/guide/troubleshooting.html#module-externalized-for
-browser-compatibility for more details.[39m
[1m[33m[plugin:vite:resolve][39m[22m [33m[plugin 
vite:resolve] Module "node:module" has been 
externalized for browser compatibility, imported by 
"C:/Users/Departamento AI/OneDrive/Documents/COHETE 
BRANDS/C├│digo WebApp/Rocketflow/Rocketflow/node_modules
/vite/dist/node/chunks/dep-IQS-Za7F.js". See https://vit
e.dev/guide/troubleshooting.html#module-externalized-for
-browser-compatibility for more details.[39m
[1m[33m[plugin:vite:resolve][39m[22m [33m[plugin 
vite:resolve] Module "node:path" has been externalized 
for browser compatibility, imported by 
"C:/Users/Departamento AI/OneDrive/Documents/COHETE 
BRANDS/C├│digo WebApp/Rocketflow/Rocketflow/node_modules
/rollup/dist/es/shared/node-entry.js". See https://vite.
dev/guide/troubleshooting.html#module-externalized-for-b
rowser-compatibility for more details.[39m
[1m[33m[plugin:vite:resolve][39m[22m [33m[plugin 
vite:resolve] Module "node:process" has been 
externalized for browser compatibility, imported by 
"C:/Users/Departamento AI/OneDrive/Documents/COHETE 
BRANDS/C├│digo WebApp/Rocketflow/Rocketflow/node_modules
/rollup/dist/es/shared/node-entry.js". See https://vite.
dev/guide/troubleshooting.html#module-externalized-for-b
rowser-compatibility for more details.[39m
[1m[33m[plugin:vite:resolve][39m[22m [33m[plugin 
vite:resolve] Module "node:perf_hooks" has been 
externalized for browser compatibility, imported by 
"C:/Users/Departamento AI/OneDrive/Documents/COHETE 
BRANDS/C├│digo WebApp/Rocketflow/Rocketflow/node_modules
/rollup/dist/es/shared/node-entry.js". See https://vite.
dev/guide/troubleshooting.html#module-externalized-for-b
rowser-compatibility for more details.[39m
[1m[33m[plugin:vite:resolve][39m[22m [33m[plugin 
vite:resolve] Module "node:fs/promises" has been 
externalized for browser compatibility, imported by 
"C:/Users/Departamento AI/OneDrive/Documents/COHETE 
BRANDS/C├│digo WebApp/Rocketflow/Rocketflow/node_modules
/rollup/dist/es/shared/node-entry.js". See https://vite.
dev/guide/troubleshooting.html#module-externalized-for-b
rowser-compatibility for more details.[39m
[1m[33m[plugin:vite:resolve][39m[22m [33m[plugin 
vite:resolve] Module "tty" has been externalized for 
browser compatibility, imported by 
"C:/Users/Departamento AI/OneDrive/Documents/COHETE 
BRANDS/C├│digo WebApp/Rocketflow/Rocketflow/node_modules
/rollup/dist/es/shared/node-entry.js". See https://vite.
dev/guide/troubleshooting.html#module-externalized-for-b
rowser-compatibility for more details.[39m
[1m[33m[plugin:vite:resolve][39m[22m [33m[plugin 
vite:resolve] Module "node:path" has been externalized 
for browser compatibility, imported by 
"C:/Users/Departamento AI/OneDrive/Documents/COHETE 
BRANDS/C├│digo WebApp/Rocketflow/Rocketflow/node_modules
/rollup/dist/es/shared/watch.js". See https://vite.dev/g
uide/troubleshooting.html#module-externalized-for-browse
r-compatibility for more details.[39m
[1m[33m[plugin:vite:resolve][39m[22m [33m[plugin 
vite:resolve] Module "node:process" has been 
externalized for browser compatibility, imported by 
"C:/Users/Departamento AI/OneDrive/Documents/COHETE 
BRANDS/C├│digo WebApp/Rocketflow/Rocketflow/node_modules
/rollup/dist/es/shared/watch.js". See https://vite.dev/g
uide/troubleshooting.html#module-externalized-for-browse
r-compatibility for more details.[39m
[1m[33m[plugin:vite:resolve][39m[22m [33m[plugin 
vite:resolve] Module "node:os" has been externalized 
for browser compatibility, imported by 
"C:/Users/Departamento AI/OneDrive/Documents/COHETE 
BRANDS/C├│digo WebApp/Rocketflow/Rocketflow/node_modules
/rollup/dist/es/shared/watch.js". See https://vite.dev/g
uide/troubleshooting.html#module-externalized-for-browse
r-compatibility for more details.[39m
[1m[33m[plugin:vite:resolve][39m[22m [33m[plugin 
vite:resolve] Module "node:perf_hooks" has been 
externalized for browser compatibility, imported by 
"C:/Users/Departamento AI/OneDrive/Documents/COHETE 
BRANDS/C├│digo WebApp/Rocketflow/Rocketflow/node_modules
/rollup/dist/es/shared/watch.js". See https://vite.dev/g
uide/troubleshooting.html#module-externalized-for-browse
r-compatibility for more details.[39m
[1m[33m[plugin:vite:resolve][39m[22m [33m[plugin 
vite:resolve] Module "node:fs/promises" has been 
externalized for browser compatibility, imported by 
"C:/Users/Departamento AI/OneDrive/Documents/COHETE 
BRANDS/C├│digo WebApp/Rocketflow/Rocketflow/node_modules
/rollup/dist/es/shared/watch.js". See https://vite.dev/g
uide/troubleshooting.html#module-externalized-for-browse
r-compatibility for more details.[39m
[1m[33m[plugin:vite:resolve][39m[22m [33m[plugin 
vite:resolve] Module "tty" has been externalized for 
browser compatibility, imported by 
"C:/Users/Departamento AI/OneDrive/Documents/COHETE 
BRANDS/C├│digo WebApp/Rocketflow/Rocketflow/node_modules
/rollup/dist/es/shared/watch.js". See https://vite.dev/g
uide/troubleshooting.html#module-externalized-for-browse
r-compatibility for more details.[39m
[32mΓ£ô[39m 1463 modules transformed.
[31mx[39m Build failed in 58.91s
[31merror during build:
[31mnode_modules/postgres/src/connection.js (5:9): 
"performance" is not exported by 
"__vite-browser-external", imported by 
"node_modules/postgres/src/connection.js".[31m
file: [36mC:/Users/Departamento 
AI/OneDrive/Documents/COHETE BRANDS/C├│digo WebApp/Rocke
tflow/Rocketflow/node_modules/postgres/src/connection.js
:5:9[31m
[33m
3: import crypto from 'crypto'
4: import Stream from 'stream'
5: import { performance } from 'perf_hooks'
            ^
6: 
7: import { stringify, handleValue, arrayParser, 
arraySerializer } from './types.js'
[31m
    at getRollupError (file:///C:/Users/Departamento%20A
I/OneDrive/Documents/COHETE%20BRANDS/C%C3%B3digo%20WebAp
p/Rocketflow/Rocketflow/node_modules/rollup/dist/es/shar
ed/parseAst.js:396:41)
    at error (file:///C:/Users/Departamento%20AI/OneDriv
e/Documents/COHETE%20BRANDS/C%C3%B3digo%20WebApp/Rocketf
low/Rocketflow/node_modules/rollup/dist/es/shared/parseA
st.js:392:42)
    at Module.error (file:///C:/Users/Departamento%20AI/
OneDrive/Documents/COHETE%20BRANDS/C%C3%B3digo%20WebApp/
Rocketflow/Rocketflow/node_modules/rollup/dist/es/shared
/node-entry.js:15588:16)
    at Module.traceVariable (file:///C:/Users/Departamen
to%20AI/OneDrive/Documents/COHETE%20BRANDS/C%C3%B3digo%2
0WebApp/Rocketflow/Rocketflow/node_modules/rollup/dist/e
s/shared/node-entry.js:16037:29)
    at ModuleScope.findVariable (file:///C:/Users/Depart
amento%20AI/OneDrive/Documents/COHETE%20BRANDS/C%C3%B3di
go%20WebApp/Rocketflow/Rocketflow/node_modules/rollup/di
st/es/shared/node-entry.js:13820:39)
    at FunctionScope.findVariable (file:///C:/Users/Depa
rtamento%20AI/OneDrive/Documents/COHETE%20BRANDS/C%C3%B3
digo%20WebApp/Rocketflow/Rocketflow/node_modules/rollup/
dist/es/shared/node-entry.js:5283:38)
    at FunctionBodyScope.findVariable (file:///C:/Users/
Departamento%20AI/OneDrive/Documents/COHETE%20BRANDS/C%C
3%B3digo%20WebApp/Rocketflow/Rocketflow/node_modules/rol
lup/dist/es/shared/node-entry.js:5283:38)
    at FunctionScope.findVariable (file:///C:/Users/Depa
rtamento%20AI/OneDrive/Documents/COHETE%20BRANDS/C%C3%B3
digo%20WebApp/Rocketflow/Rocketflow/node_modules/rollup/
dist/es/shared/node-entry.js:5283:38)
    at FunctionBodyScope.findVariable (file:///C:/Users/
Departamento%20AI/OneDrive/Documents/COHETE%20BRANDS/C%C
3%B3digo%20WebApp/Rocketflow/Rocketflow/node_modules/rol
lup/dist/es/shared/node-entry.js:5283:38)
    at MemberExpression.bind (file:///C:/Users/Departame
nto%20AI/OneDrive/Documents/COHETE%20BRANDS/C%C3%B3digo%
20WebApp/Rocketflow/Rocketflow/node_modules/rollup/dist/
es/shared/node-entry.js:6922:49)[39m
